<?xml version="1.0" encoding="UTF-8"?>
<!-- Generated by org.testng.reporters.JUnitXMLReporter -->
<testsuite hostname="LAPTOP-VCDSLDGR" ignored="0" name="Test" tests="3" failures="0" timestamp="13 Nov 2020 00:32:05 GMT" time="0.058" errors="0">
  <testcase name="getTest" time="0.016" classname="testng.usa.practice.ClassTestNg2"/>
  <testcase name="getTest" time="0.006" classname="testng.usa.practice.ClassTestNg3"/>
  <testcase name="getTest" time="0.001" classname="testng.usa.practice.ClassTestNg1"/>
</testsuite> <!-- Test -->
